nohup: ignoring input
Loading dataset...
=== EuroSAT Dataset Summary ===
Root dir: /root/Test/jiangjingshuang/hw1/EuroSAT_RGB
Num classes: 10
Classes:
  0 -> AnnualCrop
  1 -> Forest
  2 -> HerbaceousVegetation
  3 -> Highway
  4 -> Industrial
  5 -> Pasture
  6 -> PermanentCrop
  7 -> Residential
  8 -> River
  9 -> SeaLake
===============================
Full dataset shape: (27000, 3072) (27000,)
Applied standardization using training-set mean and std.
Train: (18900, 3072) (18900,)
Val:   (4050, 3072) (4050,)
Test:  (4050, 3072) (4050,)
MLP(input_dim=3072, hidden_dim1=256, hidden_dim2=128, num_classes=10, activation='relu')
Epoch [01/100] | lr=0.010000 | train_loss=1.5403 | train_acc=0.4404 | val_loss=1.3664 | val_acc=0.4884
  -> Best model saved to /root/Test/jiangjingshuang/hw1/main/outputs/checkpoints/best_model.npz (val_acc=0.4884)
Epoch [02/100] | lr=0.009500 | train_loss=1.2226 | train_acc=0.5616 | val_loss=1.2612 | val_acc=0.5296
  -> Best model saved to /root/Test/jiangjingshuang/hw1/main/outputs/checkpoints/best_model.npz (val_acc=0.5296)
Epoch [03/100] | lr=0.009025 | train_loss=1.1129 | train_acc=0.6057 | val_loss=1.1985 | val_acc=0.5538
  -> Best model saved to /root/Test/jiangjingshuang/hw1/main/outputs/checkpoints/best_model.npz (val_acc=0.5538)
Epoch [04/100] | lr=0.008574 | train_loss=1.0378 | train_acc=0.6352 | val_loss=1.1549 | val_acc=0.5691
  -> Best model saved to /root/Test/jiangjingshuang/hw1/main/outputs/checkpoints/best_model.npz (val_acc=0.5691)
Epoch [05/100] | lr=0.008145 | train_loss=0.9787 | train_acc=0.6604 | val_loss=1.1206 | val_acc=0.5857
  -> Best model saved to /root/Test/jiangjingshuang/hw1/main/outputs/checkpoints/best_model.npz (val_acc=0.5857)
Epoch [06/100] | lr=0.007738 | train_loss=0.9298 | train_acc=0.6803 | val_loss=1.0956 | val_acc=0.5978
  -> Best model saved to /root/Test/jiangjingshuang/hw1/main/outputs/checkpoints/best_model.npz (val_acc=0.5978)
Epoch [07/100] | lr=0.007351 | train_loss=0.8874 | train_acc=0.6968 | val_loss=1.0707 | val_acc=0.6044
  -> Best model saved to /root/Test/jiangjingshuang/hw1/main/outputs/checkpoints/best_model.npz (val_acc=0.6044)
Epoch [08/100] | lr=0.006983 | train_loss=0.8506 | train_acc=0.7116 | val_loss=1.0582 | val_acc=0.6104
  -> Best model saved to /root/Test/jiangjingshuang/hw1/main/outputs/checkpoints/best_model.npz (val_acc=0.6104)
Epoch [09/100] | lr=0.006634 | train_loss=0.8179 | train_acc=0.7258 | val_loss=1.0483 | val_acc=0.6168
  -> Best model saved to /root/Test/jiangjingshuang/hw1/main/outputs/checkpoints/best_model.npz (val_acc=0.6168)
Epoch [10/100] | lr=0.006302 | train_loss=0.7887 | train_acc=0.7360 | val_loss=1.0357 | val_acc=0.6264
  -> Best model saved to /root/Test/jiangjingshuang/hw1/main/outputs/checkpoints/best_model.npz (val_acc=0.6264)
Epoch [11/100] | lr=0.005987 | train_loss=0.7621 | train_acc=0.7471 | val_loss=1.0255 | val_acc=0.6321
  -> Best model saved to /root/Test/jiangjingshuang/hw1/main/outputs/checkpoints/best_model.npz (val_acc=0.6321)
Epoch [12/100] | lr=0.005688 | train_loss=0.7376 | train_acc=0.7577 | val_loss=1.0146 | val_acc=0.6385
  -> Best model saved to /root/Test/jiangjingshuang/hw1/main/outputs/checkpoints/best_model.npz (val_acc=0.6385)
Epoch [13/100] | lr=0.005404 | train_loss=0.7156 | train_acc=0.7662 | val_loss=1.0079 | val_acc=0.6417
  -> Best model saved to /root/Test/jiangjingshuang/hw1/main/outputs/checkpoints/best_model.npz (val_acc=0.6417)
Epoch [14/100] | lr=0.005133 | train_loss=0.6954 | train_acc=0.7750 | val_loss=0.9995 | val_acc=0.6454
  -> Best model saved to /root/Test/jiangjingshuang/hw1/main/outputs/checkpoints/best_model.npz (val_acc=0.6454)
Epoch [15/100] | lr=0.004877 | train_loss=0.6769 | train_acc=0.7812 | val_loss=0.9954 | val_acc=0.6462
  -> Best model saved to /root/Test/jiangjingshuang/hw1/main/outputs/checkpoints/best_model.npz (val_acc=0.6462)
Epoch [16/100] | lr=0.004633 | train_loss=0.6595 | train_acc=0.7878 | val_loss=0.9920 | val_acc=0.6489
  -> Best model saved to /root/Test/jiangjingshuang/hw1/main/outputs/checkpoints/best_model.npz (val_acc=0.6489)
Epoch [17/100] | lr=0.004401 | train_loss=0.6438 | train_acc=0.7929 | val_loss=0.9879 | val_acc=0.6499
  -> Best model saved to /root/Test/jiangjingshuang/hw1/main/outputs/checkpoints/best_model.npz (val_acc=0.6499)
Epoch [18/100] | lr=0.004181 | train_loss=0.6291 | train_acc=0.7997 | val_loss=0.9832 | val_acc=0.6509
  -> Best model saved to /root/Test/jiangjingshuang/hw1/main/outputs/checkpoints/best_model.npz (val_acc=0.6509)
Epoch [19/100] | lr=0.003972 | train_loss=0.6153 | train_acc=0.8051 | val_loss=0.9803 | val_acc=0.6528
  -> Best model saved to /root/Test/jiangjingshuang/hw1/main/outputs/checkpoints/best_model.npz (val_acc=0.6528)
Epoch [20/100] | lr=0.003774 | train_loss=0.6026 | train_acc=0.8112 | val_loss=0.9780 | val_acc=0.6533
  -> Best model saved to /root/Test/jiangjingshuang/hw1/main/outputs/checkpoints/best_model.npz (val_acc=0.6533)
Epoch [21/100] | lr=0.003585 | train_loss=0.5908 | train_acc=0.8150 | val_loss=0.9758 | val_acc=0.6533
Epoch [22/100] | lr=0.003406 | train_loss=0.5798 | train_acc=0.8199 | val_loss=0.9730 | val_acc=0.6563
  -> Best model saved to /root/Test/jiangjingshuang/hw1/main/outputs/checkpoints/best_model.npz (val_acc=0.6563)
Epoch [23/100] | lr=0.003235 | train_loss=0.5693 | train_acc=0.8242 | val_loss=0.9713 | val_acc=0.6580
  -> Best model saved to /root/Test/jiangjingshuang/hw1/main/outputs/checkpoints/best_model.npz (val_acc=0.6580)
Epoch [24/100] | lr=0.003074 | train_loss=0.5597 | train_acc=0.8272 | val_loss=0.9697 | val_acc=0.6598
  -> Best model saved to /root/Test/jiangjingshuang/hw1/main/outputs/checkpoints/best_model.npz (val_acc=0.6598)
Epoch [25/100] | lr=0.002920 | train_loss=0.5506 | train_acc=0.8311 | val_loss=0.9684 | val_acc=0.6612
  -> Best model saved to /root/Test/jiangjingshuang/hw1/main/outputs/checkpoints/best_model.npz (val_acc=0.6612)
Epoch [26/100] | lr=0.002774 | train_loss=0.5423 | train_acc=0.8334 | val_loss=0.9669 | val_acc=0.6607
Epoch [27/100] | lr=0.002635 | train_loss=0.5343 | train_acc=0.8367 | val_loss=0.9661 | val_acc=0.6612
Epoch [28/100] | lr=0.002503 | train_loss=0.5270 | train_acc=0.8395 | val_loss=0.9654 | val_acc=0.6607
Epoch [29/100] | lr=0.002378 | train_loss=0.5201 | train_acc=0.8424 | val_loss=0.9644 | val_acc=0.6620
  -> Best model saved to /root/Test/jiangjingshuang/hw1/main/outputs/checkpoints/best_model.npz (val_acc=0.6620)
Epoch [30/100] | lr=0.002259 | train_loss=0.5138 | train_acc=0.8448 | val_loss=0.9633 | val_acc=0.6610
Epoch [31/100] | lr=0.002146 | train_loss=0.5077 | train_acc=0.8479 | val_loss=0.9632 | val_acc=0.6600
Epoch [32/100] | lr=0.002039 | train_loss=0.5020 | train_acc=0.8499 | val_loss=0.9625 | val_acc=0.6612
Epoch [33/100] | lr=0.001937 | train_loss=0.4966 | train_acc=0.8514 | val_loss=0.9615 | val_acc=0.6620
Epoch [34/100] | lr=0.001840 | train_loss=0.4916 | train_acc=0.8535 | val_loss=0.9609 | val_acc=0.6627
  -> Best model saved to /root/Test/jiangjingshuang/hw1/main/outputs/checkpoints/best_model.npz (val_acc=0.6627)
Epoch [35/100] | lr=0.001748 | train_loss=0.4869 | train_acc=0.8547 | val_loss=0.9606 | val_acc=0.6635
  -> Best model saved to /root/Test/jiangjingshuang/hw1/main/outputs/checkpoints/best_model.npz (val_acc=0.6635)
Epoch [36/100] | lr=0.001661 | train_loss=0.4825 | train_acc=0.8566 | val_loss=0.9600 | val_acc=0.6640
  -> Best model saved to /root/Test/jiangjingshuang/hw1/main/outputs/checkpoints/best_model.npz (val_acc=0.6640)
Epoch [37/100] | lr=0.001578 | train_loss=0.4783 | train_acc=0.8579 | val_loss=0.9597 | val_acc=0.6654
  -> Best model saved to /root/Test/jiangjingshuang/hw1/main/outputs/checkpoints/best_model.npz (val_acc=0.6654)
Epoch [38/100] | lr=0.001499 | train_loss=0.4743 | train_acc=0.8598 | val_loss=0.9594 | val_acc=0.6652
Epoch [39/100] | lr=0.001424 | train_loss=0.4705 | train_acc=0.8612 | val_loss=0.9591 | val_acc=0.6652
Epoch [40/100] | lr=0.001353 | train_loss=0.4670 | train_acc=0.8629 | val_loss=0.9589 | val_acc=0.6657
  -> Best model saved to /root/Test/jiangjingshuang/hw1/main/outputs/checkpoints/best_model.npz (val_acc=0.6657)
Epoch [41/100] | lr=0.001285 | train_loss=0.4638 | train_acc=0.8642 | val_loss=0.9587 | val_acc=0.6664
  -> Best model saved to /root/Test/jiangjingshuang/hw1/main/outputs/checkpoints/best_model.npz (val_acc=0.6664)
Epoch [42/100] | lr=0.001221 | train_loss=0.4606 | train_acc=0.8654 | val_loss=0.9584 | val_acc=0.6669
  -> Best model saved to /root/Test/jiangjingshuang/hw1/main/outputs/checkpoints/best_model.npz (val_acc=0.6669)
Epoch [43/100] | lr=0.001160 | train_loss=0.4577 | train_acc=0.8666 | val_loss=0.9582 | val_acc=0.6664
Epoch [44/100] | lr=0.001102 | train_loss=0.4549 | train_acc=0.8679 | val_loss=0.9580 | val_acc=0.6677
  -> Best model saved to /root/Test/jiangjingshuang/hw1/main/outputs/checkpoints/best_model.npz (val_acc=0.6677)
Epoch [45/100] | lr=0.001047 | train_loss=0.4522 | train_acc=0.8687 | val_loss=0.9580 | val_acc=0.6677
Epoch [46/100] | lr=0.000994 | train_loss=0.4497 | train_acc=0.8697 | val_loss=0.9579 | val_acc=0.6672
Epoch [47/100] | lr=0.000945 | train_loss=0.4473 | train_acc=0.8706 | val_loss=0.9580 | val_acc=0.6672
Epoch [48/100] | lr=0.000897 | train_loss=0.4451 | train_acc=0.8717 | val_loss=0.9578 | val_acc=0.6679
  -> Best model saved to /root/Test/jiangjingshuang/hw1/main/outputs/checkpoints/best_model.npz (val_acc=0.6679)
Epoch [49/100] | lr=0.000853 | train_loss=0.4430 | train_acc=0.8725 | val_loss=0.9578 | val_acc=0.6694
  -> Best model saved to /root/Test/jiangjingshuang/hw1/main/outputs/checkpoints/best_model.npz (val_acc=0.6694)
Epoch [50/100] | lr=0.000810 | train_loss=0.4410 | train_acc=0.8735 | val_loss=0.9578 | val_acc=0.6694
Epoch [51/100] | lr=0.000769 | train_loss=0.4391 | train_acc=0.8744 | val_loss=0.9578 | val_acc=0.6696
  -> Best model saved to /root/Test/jiangjingshuang/hw1/main/outputs/checkpoints/best_model.npz (val_acc=0.6696)
Epoch [52/100] | lr=0.000731 | train_loss=0.4373 | train_acc=0.8751 | val_loss=0.9577 | val_acc=0.6701
  -> Best model saved to /root/Test/jiangjingshuang/hw1/main/outputs/checkpoints/best_model.npz (val_acc=0.6701)
Epoch [53/100] | lr=0.000694 | train_loss=0.4356 | train_acc=0.8758 | val_loss=0.9578 | val_acc=0.6709
  -> Best model saved to /root/Test/jiangjingshuang/hw1/main/outputs/checkpoints/best_model.npz (val_acc=0.6709)
Epoch [54/100] | lr=0.000660 | train_loss=0.4340 | train_acc=0.8765 | val_loss=0.9578 | val_acc=0.6711
  -> Best model saved to /root/Test/jiangjingshuang/hw1/main/outputs/checkpoints/best_model.npz (val_acc=0.6711)
Epoch [55/100] | lr=0.000627 | train_loss=0.4325 | train_acc=0.8773 | val_loss=0.9577 | val_acc=0.6714
  -> Best model saved to /root/Test/jiangjingshuang/hw1/main/outputs/checkpoints/best_model.npz (val_acc=0.6714)
Epoch [56/100] | lr=0.000595 | train_loss=0.4310 | train_acc=0.8780 | val_loss=0.9577 | val_acc=0.6721
  -> Best model saved to /root/Test/jiangjingshuang/hw1/main/outputs/checkpoints/best_model.npz (val_acc=0.6721)
Epoch [57/100] | lr=0.000566 | train_loss=0.4296 | train_acc=0.8786 | val_loss=0.9578 | val_acc=0.6726
  -> Best model saved to /root/Test/jiangjingshuang/hw1/main/outputs/checkpoints/best_model.npz (val_acc=0.6726)
Epoch [58/100] | lr=0.000537 | train_loss=0.4283 | train_acc=0.8789 | val_loss=0.9578 | val_acc=0.6723
Epoch [59/100] | lr=0.000510 | train_loss=0.4271 | train_acc=0.8794 | val_loss=0.9579 | val_acc=0.6731
  -> Best model saved to /root/Test/jiangjingshuang/hw1/main/outputs/checkpoints/best_model.npz (val_acc=0.6731)
Epoch [60/100] | lr=0.000485 | train_loss=0.4259 | train_acc=0.8799 | val_loss=0.9580 | val_acc=0.6731
Epoch [61/100] | lr=0.000461 | train_loss=0.4248 | train_acc=0.8805 | val_loss=0.9581 | val_acc=0.6733
  -> Best model saved to /root/Test/jiangjingshuang/hw1/main/outputs/checkpoints/best_model.npz (val_acc=0.6733)
Epoch [62/100] | lr=0.000438 | train_loss=0.4237 | train_acc=0.8809 | val_loss=0.9582 | val_acc=0.6733
Epoch [63/100] | lr=0.000416 | train_loss=0.4227 | train_acc=0.8813 | val_loss=0.9582 | val_acc=0.6738
  -> Best model saved to /root/Test/jiangjingshuang/hw1/main/outputs/checkpoints/best_model.npz (val_acc=0.6738)
Epoch [64/100] | lr=0.000395 | train_loss=0.4218 | train_acc=0.8816 | val_loss=0.9582 | val_acc=0.6736
Epoch [65/100] | lr=0.000375 | train_loss=0.4208 | train_acc=0.8821 | val_loss=0.9583 | val_acc=0.6733
Epoch [66/100] | lr=0.000356 | train_loss=0.4200 | train_acc=0.8824 | val_loss=0.9583 | val_acc=0.6738
Epoch [67/100] | lr=0.000339 | train_loss=0.4192 | train_acc=0.8826 | val_loss=0.9584 | val_acc=0.6741
  -> Best model saved to /root/Test/jiangjingshuang/hw1/main/outputs/checkpoints/best_model.npz (val_acc=0.6741)
Epoch [68/100] | lr=0.000322 | train_loss=0.4184 | train_acc=0.8829 | val_loss=0.9584 | val_acc=0.6736
Epoch [69/100] | lr=0.000306 | train_loss=0.4177 | train_acc=0.8831 | val_loss=0.9585 | val_acc=0.6731
Epoch [70/100] | lr=0.000290 | train_loss=0.4170 | train_acc=0.8833 | val_loss=0.9585 | val_acc=0.6733
Epoch [71/100] | lr=0.000276 | train_loss=0.4163 | train_acc=0.8834 | val_loss=0.9586 | val_acc=0.6728
Epoch [72/100] | lr=0.000262 | train_loss=0.4157 | train_acc=0.8839 | val_loss=0.9586 | val_acc=0.6731
Epoch [73/100] | lr=0.000249 | train_loss=0.4151 | train_acc=0.8840 | val_loss=0.9587 | val_acc=0.6721
Epoch [74/100] | lr=0.000236 | train_loss=0.4145 | train_acc=0.8841 | val_loss=0.9587 | val_acc=0.6723
Epoch [75/100] | lr=0.000225 | train_loss=0.4140 | train_acc=0.8842 | val_loss=0.9588 | val_acc=0.6723
Epoch [76/100] | lr=0.000213 | train_loss=0.4135 | train_acc=0.8845 | val_loss=0.9588 | val_acc=0.6728
Epoch [77/100] | lr=0.000203 | train_loss=0.4130 | train_acc=0.8846 | val_loss=0.9588 | val_acc=0.6731
Epoch [78/100] | lr=0.000193 | train_loss=0.4125 | train_acc=0.8849 | val_loss=0.9589 | val_acc=0.6731
Epoch [79/100] | lr=0.000183 | train_loss=0.4121 | train_acc=0.8850 | val_loss=0.9589 | val_acc=0.6733
Epoch [80/100] | lr=0.000174 | train_loss=0.4117 | train_acc=0.8852 | val_loss=0.9590 | val_acc=0.6731
Epoch [81/100] | lr=0.000165 | train_loss=0.4113 | train_acc=0.8853 | val_loss=0.9590 | val_acc=0.6731
Epoch [82/100] | lr=0.000157 | train_loss=0.4109 | train_acc=0.8857 | val_loss=0.9591 | val_acc=0.6733
Epoch [83/100] | lr=0.000149 | train_loss=0.4105 | train_acc=0.8859 | val_loss=0.9591 | val_acc=0.6733
Epoch [84/100] | lr=0.000142 | train_loss=0.4102 | train_acc=0.8859 | val_loss=0.9591 | val_acc=0.6736
Epoch [85/100] | lr=0.000135 | train_loss=0.4099 | train_acc=0.8860 | val_loss=0.9592 | val_acc=0.6731
Epoch [86/100] | lr=0.000128 | train_loss=0.4096 | train_acc=0.8860 | val_loss=0.9592 | val_acc=0.6736
Epoch [87/100] | lr=0.000121 | train_loss=0.4093 | train_acc=0.8860 | val_loss=0.9593 | val_acc=0.6733
Epoch [88/100] | lr=0.000115 | train_loss=0.4090 | train_acc=0.8861 | val_loss=0.9593 | val_acc=0.6731
Epoch [89/100] | lr=0.000110 | train_loss=0.4087 | train_acc=0.8861 | val_loss=0.9594 | val_acc=0.6728
Epoch [90/100] | lr=0.000104 | train_loss=0.4085 | train_acc=0.8861 | val_loss=0.9594 | val_acc=0.6728
Epoch [91/100] | lr=0.000099 | train_loss=0.4082 | train_acc=0.8862 | val_loss=0.9594 | val_acc=0.6728
Epoch [92/100] | lr=0.000094 | train_loss=0.4080 | train_acc=0.8862 | val_loss=0.9595 | val_acc=0.6731
Epoch [93/100] | lr=0.000089 | train_loss=0.4078 | train_acc=0.8862 | val_loss=0.9595 | val_acc=0.6731
Epoch [94/100] | lr=0.000085 | train_loss=0.4076 | train_acc=0.8862 | val_loss=0.9596 | val_acc=0.6731
Epoch [95/100] | lr=0.000081 | train_loss=0.4074 | train_acc=0.8863 | val_loss=0.9596 | val_acc=0.6733
Epoch [96/100] | lr=0.000077 | train_loss=0.4072 | train_acc=0.8863 | val_loss=0.9596 | val_acc=0.6733
Epoch [97/100] | lr=0.000073 | train_loss=0.4070 | train_acc=0.8865 | val_loss=0.9597 | val_acc=0.6733
Epoch [98/100] | lr=0.000069 | train_loss=0.4069 | train_acc=0.8865 | val_loss=0.9597 | val_acc=0.6736
Epoch [99/100] | lr=0.000066 | train_loss=0.4067 | train_acc=0.8865 | val_loss=0.9597 | val_acc=0.6733
Epoch [100/100] | lr=0.000062 | train_loss=0.4066 | train_acc=0.8866 | val_loss=0.9598 | val_acc=0.6731

Training history saved to: /root/Test/jiangjingshuang/hw1/main/outputs/logs/train_history.json
Training curves saved to: /root/Test/jiangjingshuang/hw1/main/outputs/curves

Loading best model for final evaluation on test set...
Best validation accuracy: 0.6741
Test loss: 0.9869
Test accuracy: 0.6588
